Initiating Intercom Call
intercomCallConst userName = 5df00372-e507-4dc1-8985-082a54f1006d
getting user media
current time: 16:56:05, beat timeDiff: 2337, heartbeatcount = 1
current time: 16:56:07, beat timeDiff: 3683, heartbeatcount = 2
Setting local Streat
Let's add some tracks to local stream
Adding a track to local stream
Creating offer...
JSHandle@object
Sending newOffer
Handling sendOfferAcknowledgment
JSHandle@object
have-local-offer
........Ice candidate found!......
JSHandle@object
createPeerConnection: Emit sendIceCandidateToSignalingServer, didIOffer = true
........Ice candidate found!......
JSHandle@object
createPeerConnection: Emit sendIceCandidateToSignalingServer, didIOffer = true
current time: 16:56:09, beat timeDiff: 2684, heartbeatcount = 3
........Ice candidate found!......
JSHandle@object
createPeerConnection: Emit sendIceCandidateToSignalingServer, didIOffer = true
........Ice candidate found!......
JSHandle@object
createPeerConnection: Emit sendIceCandidateToSignalingServer, didIOffer = true
........Ice candidate found!......
JSHandle@object
createPeerConnection: Emit sendIceCandidateToSignalingServer, didIOffer = true
........Ice candidate found!......
JSHandle@object
createPeerConnection: Emit sendIceCandidateToSignalingServer, didIOffer = true
........Ice candidate found!......
JSHandle@object
current time: 16:56:11, beat timeDiff: 3684, heartbeatcount = 4
current time: 16:56:13, beat timeDiff: 2683, heartbeatcount = 5
current time: 16:56:15, beat timeDiff: 3683, heartbeatcount = 6
current time: 16:56:17, beat timeDiff: 2683, heartbeatcount = 7
Timer stopped
current time: 16:56:19, beat timeDiff: 3683, heartbeatcount = 8
current time: 16:56:21, beat timeDiff: 2683, heartbeatcount = 9
current time: 16:56:23, beat timeDiff: 3683, heartbeatcount = 10
current time: 16:56:25, beat timeDiff: 2684, heartbeatcount = 11
current time: 16:56:27, beat timeDiff: 3684, heartbeatcount = 12
current time: 16:56:29, beat timeDiff: 2684, heartbeatcount = 13
current time: 16:56:31, beat timeDiff: 3684, heartbeatcount = 14
current time: 16:56:33, beat timeDiff: 2684, heartbeatcount = 15
current time: 16:56:35, beat timeDiff: 3684, heartbeatcount = 16
current time: 16:56:37, beat timeDiff: 2684, heartbeatcount = 17
received_message list, uuid = 8a7884d8-f81b-40e7-bb91-42beaacface3
current_message_uuid = 0
mp3_message_to_browser = 1-RequestMsg-195699.mp3
user generator is 0, and current UserID is 1
Try to play the mp3: https://assets.cambdoorbell.duckdns.org/assets/1-RequestMsg-195699.mp3
unable to play 1-RequestMsg-195699.mp3. this.soundAlertStatus = false
current time: 16:56:39, beat timeDiff: 2684, heartbeatcount = 18
client id is: 5df00372-e507-4dc1-8985-082a54f1006d
intercom client id is: 547c5cb9-0f97-4406-ba77-257a7c1ca751
received_message list, uuid = e4110851-cd6c-4247-af55-31b18f4c8b3f
current_message_uuid = 8a7884d8-f81b-40e7-bb91-42beaacface3
mp3_message_to_browser = 3-IntercomMsg-171588.mp3
user generator is 3, and current UserID is 1
Try to play the mp3: https://assets.cambdoorbell.duckdns.org/assets/3-IntercomMsg-171588.mp3
unable to play 3-IntercomMsg-171588.mp3. this.soundAlertStatus = false
Handling answerResponse
JSHandle@object
JSHandle@object
stable
Got a track from the other peer!! How excting
JSHandle@object
*******************  Here's an exciting moment... fingers cross ****************************
answerResponseConst peerConnection:
JSHandle@object
*********** Handling receivedIceCandidateFromServer ******************
JSHandle@object
*********** Handling receivedIceCandidateFromServer ******************
JSHandle@object
*********** Handling receivedIceCandidateFromServer ******************
JSHandle@object
*********** Handling receivedIceCandidateFromServer ******************
JSHandle@object
*********** Handling receivedIceCandidateFromServer ******************
JSHandle@object
*********** Handling receivedIceCandidateFromServer ******************
JSHandle@object
current time: 16:56:41, beat timeDiff: 2684, heartbeatcount = 19
current time: 16:56:43, beat timeDiff: 2684, heartbeatcount = 20
current time: 16:56:45, beat timeDiff: 2684, heartbeatcount = 21
current time: 16:56:47, beat timeDiff: 2684, heartbeatcount = 22
current time: 16:56:49, beat timeDiff: 2684, heartbeatcount = 23
Handling resetOffer
intercomCallConst userName = 5df00372-e507-4dc1-8985-082a54f1006d
getting user media
Setting local Streat
Let's add some tracks to local stream
Adding a track to local stream
Creating offer...
JSHandle@object
Sending newOffer
Handling sendOfferAcknowledgment
JSHandle@object
have-local-offer
........Ice candidate found!......
JSHandle@object
createPeerConnection: Emit sendIceCandidateToSignalingServer, didIOffer = true
........Ice candidate found!......
JSHandle@object
createPeerConnection: Emit sendIceCandidateToSignalingServer, didIOffer = true
client id is: 5df00372-e507-4dc1-8985-082a54f1006d
intercom client id is: 0
........Ice candidate found!......
JSHandle@object
createPeerConnection: Emit sendIceCandidateToSignalingServer, didIOffer = true
........Ice candidate found!......
JSHandle@object
createPeerConnection: Emit sendIceCandidateToSignalingServer, didIOffer = true
........Ice candidate found!......
JSHandle@object
createPeerConnection: Emit sendIceCandidateToSignalingServer, didIOffer = true
........Ice candidate found!......
JSHandle@object
createPeerConnection: Emit sendIceCandidateToSignalingServer, didIOffer = true
........Ice candidate found!......
JSHandle@object
current time: 16:56:51, beat timeDiff: 2684, heartbeatcount = 24
current time: 16:56:53, beat timeDiff: 2684, heartbeatcount = 25
current time: 16:56:55, beat timeDiff: 3684, heartbeatcount = 26
current time: 16:56:57, beat timeDiff: 2684, heartbeatcount = 27
current time: 16:56:59, beat timeDiff: 3684, heartbeatcount = 28
client id is: 5df00372-e507-4dc1-8985-082a54f1006d
intercom client id is: 547c5cb9-0f97-4406-ba77-257a7c1ca751
received_message list, uuid = 0d5e1382-0aa4-4cd5-a74a-d069e2293bf4
current_message_uuid = e4110851-cd6c-4247-af55-31b18f4c8b3f
mp3_message_to_browser = 3-IntercomMsg-171588.mp3
user generator is 3, and current UserID is 1
Try to play the mp3: https://assets.cambdoorbell.duckdns.org/assets/3-IntercomMsg-171588.mp3
unable to play 3-IntercomMsg-171588.mp3. this.soundAlertStatus = false
Handling answerResponse
JSHandle@object
*********** Handling receivedIceCandidateFromServer ******************
JSHandle@object
*********** Handling receivedIceCandidateFromServer ******************
JSHandle@object
*********** Handling receivedIceCandidateFromServer ******************
JSHandle@object
JSHandle@object
stable
Got a track from the other peer!! How excting
JSHandle@object
*******************  Here's an exciting moment... fingers cross ****************************
answerResponseConst peerConnection:
JSHandle@object
*********** Handling receivedIceCandidateFromServer ******************
JSHandle@object
*********** Handling receivedIceCandidateFromServer ******************
JSHandle@object
*********** Handling receivedIceCandidateFromServer ******************
JSHandle@object
Timer stopped
current time: 16:57:01, beat timeDiff: 2684, heartbeatcount = 29
current time: 16:57:03, beat timeDiff: 3684, heartbeatcount = 30
current time: 16:57:05, beat timeDiff: 2684, heartbeatcount = 31
current time: 16:57:07, beat timeDiff: 3684, heartbeatcount = 32
Handling resetOffer
intercomCallConst userName = 5df00372-e507-4dc1-8985-082a54f1006d
getting user media
Setting local Streat
Let's add some tracks to local stream
Adding a track to local stream
Creating offer...
JSHandle@object
Sending newOffer
Handling sendOfferAcknowledgment
JSHandle@object
have-local-offer
........Ice candidate found!......
JSHandle@object
createPeerConnection: Emit sendIceCandidateToSignalingServer, didIOffer = true
........Ice candidate found!......
JSHandle@object
createPeerConnection: Emit sendIceCandidateToSignalingServer, didIOffer = true
current time: 16:57:09, beat timeDiff: 2684, heartbeatcount = 33
........Ice candidate found!......
JSHandle@object
createPeerConnection: Emit sendIceCandidateToSignalingServer, didIOffer = true
........Ice candidate found!......
JSHandle@object
createPeerConnection: Emit sendIceCandidateToSignalingServer, didIOffer = true
........Ice candidate found!......
JSHandle@object
createPeerConnection: Emit sendIceCandidateToSignalingServer, didIOffer = true
........Ice candidate found!......
JSHandle@object
createPeerConnection: Emit sendIceCandidateToSignalingServer, didIOffer = true
........Ice candidate found!......
JSHandle@object
client id is: 5df00372-e507-4dc1-8985-082a54f1006d
intercom client id is: 0
current time: 16:57:11, beat timeDiff: 3684, heartbeatcount = 34
client id is: 5df00372-e507-4dc1-8985-082a54f1006d
intercom client id is: 547c5cb9-0f97-4406-ba77-257a7c1ca751
received_message list, uuid = fcc1f6f8-852d-4c28-80d4-9ed05d59323f
current_message_uuid = 0d5e1382-0aa4-4cd5-a74a-d069e2293bf4
mp3_message_to_browser = 3-IntercomMsg-171588.mp3
user generator is 3, and current UserID is 1
Try to play the mp3: https://assets.cambdoorbell.duckdns.org/assets/3-IntercomMsg-171588.mp3
unable to play 3-IntercomMsg-171588.mp3. this.soundAlertStatus = false
Handling answerResponse
JSHandle@object
*********** Handling receivedIceCandidateFromServer ******************
JSHandle@object
JSHandle@object
stable
Got a track from the other peer!! How excting
JSHandle@object
*******************  Here's an exciting moment... fingers cross ****************************
answerResponseConst peerConnection:
JSHandle@object
*********** Handling receivedIceCandidateFromServer ******************
JSHandle@object
*********** Handling receivedIceCandidateFromServer ******************
JSHandle@object
*********** Handling receivedIceCandidateFromServer ******************
JSHandle@object
*********** Handling receivedIceCandidateFromServer ******************
JSHandle@object
*********** Handling receivedIceCandidateFromServer ******************
JSHandle@object
current time: 16:57:13, beat timeDiff: 2684, heartbeatcount = 35
current time: 16:57:15, beat timeDiff: 3684, heartbeatcount = 36
current time: 16:57:17, beat timeDiff: 2684, heartbeatcount = 37
Timer stopped
current time: 16:57:19, beat timeDiff: 3684, heartbeatcount = 38
current time: 16:57:21, beat timeDiff: 2684, heartbeatcount = 39
Handling resetOffer
intercomCallConst userName = 5df00372-e507-4dc1-8985-082a54f1006d
getting user media
client id is: 5df00372-e507-4dc1-8985-082a54f1006d
intercom client id is: 0
Setting local Streat
Let's add some tracks to local stream
Adding a track to local stream
Creating offer...
JSHandle@object
Sending newOffer
Handling sendOfferAcknowledgment
JSHandle@object
have-local-offer
........Ice candidate found!......
JSHandle@object
createPeerConnection: Emit sendIceCandidateToSignalingServer, didIOffer = true
........Ice candidate found!......
JSHandle@object
createPeerConnection: Emit sendIceCandidateToSignalingServer, didIOffer = true
........Ice candidate found!......
JSHandle@object
createPeerConnection: Emit sendIceCandidateToSignalingServer, didIOffer = true
........Ice candidate found!......
JSHandle@object
createPeerConnection: Emit sendIceCandidateToSignalingServer, didIOffer = true
........Ice candidate found!......
JSHandle@object
createPeerConnection: Emit sendIceCandidateToSignalingServer, didIOffer = true
........Ice candidate found!......
JSHandle@object
createPeerConnection: Emit sendIceCandidateToSignalingServer, didIOffer = true
........Ice candidate found!......
JSHandle@object
current time: 16:57:23, beat timeDiff: 3684, heartbeatcount = 40
current time: 16:57:25, beat timeDiff: 2684, heartbeatcount = 41
current time: 16:57:27, beat timeDiff: 3684, heartbeatcount = 42
current time: 16:57:29, beat timeDiff: 2684, heartbeatcount = 43
current time: 16:57:31, beat timeDiff: 3684, heartbeatcount = 44
Timer stopped
